[22:19:09] Using gulpfile ~/apps/jdc_materialize/gulpfile.js
[22:19:09] Starting 'bower-css'...
[22:19:09] Finished 'bower-css' after 8.55 ms
[22:19:09] Starting 'bower-js'...
[22:19:09] Finished 'bower-js' after 779 μs
[22:19:09] Starting 'copyfonts'...
[22:19:09] Finished 'copyfonts' after 12 ms
[22:19:09] Starting 'server'...
[22:19:09] Finished 'server' after 16 ms
[22:19:09] Starting 'watch'...
[22:19:09] Finished 'watch' after 27 ms
[22:19:09] Starting 'default'...
[22:19:09] Finished 'default' after 4.53 μs
[22:19:09] Server started http://localhost:8085
[22:19:09] LiveReload started on port 35729
[22:38:00] Using gulpfile ~/apps/jdc_materialize/gulpfile.js
[22:38:00] Starting 'bower-css'...
[22:38:00] Finished 'bower-css' after 23 ms
[22:38:00] Starting 'bower-js'...
[22:38:00] Finished 'bower-js' after 13 ms
[22:38:00] Starting 'copyfonts'...
[22:38:00] Finished 'copyfonts' after 5.67 ms
[22:38:00] Starting 'server'...
[22:38:00] Finished 'server' after 21 ms
[22:38:00] Starting 'watch'...
[22:38:01] Finished 'watch' after 39 ms
[22:38:01] Starting 'default'...
[22:38:01] Finished 'default' after 3.33 μs
[22:38:01] Server started http://localhost:8085
[22:38:01] LiveReload started on port 35729
[10:05:09] Starting 'html'...
[10:05:09] Finished 'html' after 2.01 ms
[10:10:46] Using gulpfile ~/apps/jdc_materialize/gulpfile.js
[10:10:46] Starting 'bower-css'...
[10:10:46] Finished 'bower-css' after 23 ms
[10:10:46] Starting 'bower-js'...
[10:10:46] Finished 'bower-js' after 9.54 ms
[10:10:46] Starting 'copyfonts'...
[10:10:46] Finished 'copyfonts' after 4.62 ms
[10:10:46] Starting 'server'...
[10:10:46] Finished 'server' after 21 ms
[10:10:46] Starting 'watch'...
[10:10:46] Finished 'watch' after 37 ms
[10:10:46] Starting 'default'...
[10:10:46] Finished 'default' after 3.67 μs
[10:10:46] Server started http://localhost:8085
[10:10:46] LiveReload started on port 35729
[10:17:59] Starting 'html'...
[10:17:59] Finished 'html' after 4.12 ms
